This file contains any messages produced by compilers while
running configure, to aid debugging if configure makes a mistake.

It was created by gf-complete configure 1.0, which was
generated by GNU Autoconf 2.69.  Invocation command line was

  $ ./configure --no-create --no-recursion

## --------- ##
## Platform. ##
## --------- ##

hostname = shank-VirtualBox
uname -m = x86_64
uname -r = 3.11.0-12-generic
uname -s = Linux
uname -v = #19-Ubuntu SMP Wed Oct 9 16:20:46 UTC 2013

/usr/bin/uname -p = unknown
/bin/uname -X     = unknown

/bin/arch              = unknown
/usr/bin/arch -k       = unknown
/usr/convex/getsysinfo = unknown
/usr/bin/hostinfo      = unknown
/bin/machine           = unknown
/usr/bin/oslevel       = unknown
/bin/universe          = unknown

PATH: /usr/lib/lightdm/lightdm
PATH: /usr/local/sbin
PATH: /usr/local/bin
PATH: /usr/sbin
PATH: /usr/bin
PATH: /sbin
PATH: /bin
PATH: /usr/games
PATH: /usr/local/games


## ----------- ##
## Core tests. ##
## ----------- ##

configure:2166: checking for a BSD-compatible install
configure:2234: result: /usr/bin/install -c
configure:2245: checking whether build environment is sane
configure:2300: result: yes
configure:2451: checking for a thread-safe mkdir -p
configure:2490: result: /bin/mkdir -p
configure:2497: checking for gawk
configure:2527: result: no
configure:2497: checking for mawk
configure:2513: found /usr/bin/mawk
configure:2524: result: mawk
configure:2535: checking whether make sets $(MAKE)
configure:2557: result: yes
configure:2586: checking whether make supports nested variables
configure:2603: result: yes
configure:2758: checking build system type
configure:2772: result: x86_64-unknown-linux-gnu
configure:2792: checking host system type
configure:2805: result: x86_64-unknown-linux-gnu
configure:2846: checking how to print strings
configure:2873: result: printf
configure:2906: checking for style of include used by make
configure:2934: result: GNU
configure:3005: checking for gcc
configure:3021: found /usr/bin/gcc
configure:3032: result: gcc
configure:3261: checking for C compiler version
configure:3270: gcc --version >&5
gcc (Ubuntu/Linaro 4.8.1-10ubuntu9) 4.8.1
Copyright (C) 2013 Free Software Foundation, Inc.
This is free software; see the source for copying conditions.  There is NO
warranty; not even for MERCHANTABILITY or FITNESS FOR A PARTICULAR PURPOSE.

configure:3281: $? = 0
configure:3270: gcc -v >&5
Using built-in specs.
COLLECT_GCC=gcc
COLLECT_LTO_WRAPPER=/usr/lib/gcc/x86_64-linux-gnu/4.8/lto-wrapper
Target: x86_64-linux-gnu
Configured with: ../src/configure -v --with-pkgversion='Ubuntu/Linaro 4.8.1-10ubuntu9' --with-bugurl=file:///usr/share/doc/gcc-4.8/README.Bugs --enable-languages=c,c++,java,go,d,fortran,objc,obj-c++ --prefix=/usr --program-suffix=-4.8 --enable-shared --enable-linker-build-id --libexecdir=/usr/lib --without-included-gettext --enable-threads=posix --with-gxx-include-dir=/usr/include/c++/4.8 --libdir=/usr/lib --enable-nls --with-sysroot=/ --enable-clocale=gnu --enable-libstdcxx-debug --enable-libstdcxx-time=yes --enable-gnu-unique-object --enable-plugin --with-system-zlib --disable-browser-plugin --enable-java-awt=gtk --enable-gtk-cairo --with-java-home=/usr/lib/jvm/java-1.5.0-gcj-4.8-amd64/jre --enable-java-home --with-jvm-root-dir=/usr/lib/jvm/java-1.5.0-gcj-4.8-amd64 --with-jvm-jar-dir=/usr/lib/jvm-exports/java-1.5.0-gcj-4.8-amd64 --with-arch-directory=amd64 --with-ecj-jar=/usr/share/java/eclipse-ecj.jar --enable-objc-gc --enable-multiarch --disable-werror --with-arch-32=i686 --with-abi=m64 --with-multilib-list=m32,m64,mx32 --with-tune=generic --enable-checking=release --build=x86_64-linux-gnu --host=x86_64-linux-gnu --target=x86_64-linux-gnu
Thread model: posix
gcc version 4.8.1 (Ubuntu/Linaro 4.8.1-10ubuntu9) 
configure:3281: $? = 0
configure:3270: gcc -V >&5
gcc: error: unrecognized command line option '-V'
gcc: fatal error: no input files
compilation terminated.
configure:3281: $? = 4
configure:3270: gcc -qversion >&5
gcc: error: unrecognized command line option '-qversion'
gcc: fatal error: no input files
compilation terminated.
configure:3281: $? = 4
configure:3301: checking whether the C compiler works
configure:3323: gcc    conftest.c  >&5
configure:3327: $? = 0
configure:3375: result: yes
configure:3378: checking for C compiler default output file name
configure:3380: result: a.out
configure:3386: checking for suffix of executables
configure:3393: gcc -o conftest    conftest.c  >&5
configure:3397: $? = 0
configure:3419: result: 
configure:3441: checking whether we are cross compiling
configure:3449: gcc -o conftest    conftest.c  >&5
configure:3453: $? = 0
configure:3460: ./conftest
configure:3464: $? = 0
configure:3479: result: no
configure:3484: checking for suffix of object files
configure:3506: gcc -c   conftest.c >&5
configure:3510: $? = 0
configure:3531: result: o
configure:3535: checking whether we are using the GNU C compiler
configure:3554: gcc -c   conftest.c >&5
configure:3554: $? = 0
configure:3563: result: yes
configure:3572: checking whether gcc accepts -g
configure:3592: gcc -c -g  conftest.c >&5
configure:3592: $? = 0
configure:3633: result: yes
configure:3650: checking for gcc option to accept ISO C89
configure:3713: gcc  -c -g -O2  conftest.c >&5
configure:3713: $? = 0
configure:3726: result: none needed
configure:3751: checking whether gcc understands -c and -o together
configure:3773: gcc -c conftest.c -o conftest2.o
configure:3776: $? = 0
configure:3773: gcc -c conftest.c -o conftest2.o
configure:3776: $? = 0
configure:3788: result: yes
configure:3807: checking dependency style of gcc
configure:3918: result: gcc3
configure:3933: checking for a sed that does not truncate output
configure:3997: result: /bin/sed
configure:4015: checking for grep that handles long lines and -e
configure:4073: result: /bin/grep
configure:4078: checking for egrep
configure:4140: result: /bin/grep -E
configure:4145: checking for fgrep
configure:4207: result: /bin/grep -F
configure:4242: checking for ld used by gcc
configure:4309: result: /usr/bin/ld
configure:4316: checking if the linker (/usr/bin/ld) is GNU ld
configure:4331: result: yes
configure:4343: checking for BSD- or MS-compatible name lister (nm)
configure:4392: result: /usr/bin/nm -B
configure:4522: checking the name lister (/usr/bin/nm -B) interface
configure:4529: gcc -c -g -O2  conftest.c >&5
configure:4532: /usr/bin/nm -B "conftest.o"
configure:4535: output
0000000000000000 B some_variable
configure:4542: result: BSD nm
configure:4545: checking whether ln -s works
configure:4549: result: yes
configure:4557: checking the maximum length of command line arguments
configure:4687: result: 3458764513820540925
configure:4704: checking whether the shell understands some XSI constructs
configure:4714: result: yes
configure:4718: checking whether the shell understands "+="
configure:4724: result: yes
configure:4759: checking how to convert x86_64-unknown-linux-gnu file names to x86_64-unknown-linux-gnu format
configure:4799: result: func_convert_file_noop
configure:4806: checking how to convert x86_64-unknown-linux-gnu file names to toolchain format
configure:4826: result: func_convert_file_noop
configure:4833: checking for /usr/bin/ld option to reload object files
configure:4840: result: -r
configure:4914: checking for objdump
configure:4930: found /usr/bin/objdump
configure:4941: result: objdump
configure:4973: checking how to recognize dependent libraries
configure:5175: result: pass_all
configure:5260: checking for dlltool
configure:5290: result: no
configure:5320: checking how to associate runtime and link libraries
configure:5347: result: printf %s\n
configure:5408: checking for ar
configure:5424: found /usr/bin/ar
configure:5435: result: ar
configure:5472: checking for archiver @FILE support
configure:5489: gcc -c -g -O2  conftest.c >&5
configure:5489: $? = 0
configure:5492: ar cru libconftest.a @conftest.lst >&5
configure:5495: $? = 0
configure:5500: ar cru libconftest.a @conftest.lst >&5
ar: conftest.o: No such file or directory
configure:5503: $? = 1
configure:5515: result: @
configure:5573: checking for strip
configure:5589: found /usr/bin/strip
configure:5600: result: strip
configure:5672: checking for ranlib
configure:5688: found /usr/bin/ranlib
configure:5699: result: ranlib
configure:5801: checking command to parse /usr/bin/nm -B output from gcc object
configure:5921: gcc -c -g -O2  conftest.c >&5
configure:5924: $? = 0
configure:5928: /usr/bin/nm -B conftest.o \| sed -n -e 's/^.*[ ]\([ABCDGIRSTW][ABCDGIRSTW]*\)[ ][ ]*\([_A-Za-z][_A-Za-z0-9]*\)$/\1 \2 \2/p' | sed '/ __gnu_lto/d' \> conftest.nm
configure:5931: $? = 0
configure:5997: gcc -o conftest -g -O2   conftest.c conftstm.o >&5
configure:6000: $? = 0
configure:6038: result: ok
configure:6075: checking for sysroot
configure:6105: result: no
configure:6182: gcc -c -g -O2  conftest.c >&5
configure:6185: $? = 0
configure:6361: checking for mt
configure:6377: found /bin/mt
configure:6388: result: mt
configure:6411: checking if mt is a manifest tool
configure:6417: mt '-?'
configure:6425: result: no
configure:7067: checking how to run the C preprocessor
configure:7098: gcc -E  conftest.c
configure:7098: $? = 0
configure:7112: gcc -E  conftest.c
conftest.c:11:28: fatal error: ac_nonexistent.h: No such file or directory
 #include <ac_nonexistent.h>
                            ^
compilation terminated.
configure:7112: $? = 1
configure: failed program was:
| /* confdefs.h */
| #define PACKAGE_NAME "gf-complete"
| #define PACKAGE_TARNAME "gf-complete"
| #define PACKAGE_VERSION "1.0"
| #define PACKAGE_STRING "gf-complete 1.0"
| #define PACKAGE_BUGREPORT ""
| #define PACKAGE_URL ""
| #define PACKAGE "no-dependencies"
| #define VERSION "foreign"
| /* end confdefs.h.  */
| #include <ac_nonexistent.h>
configure:7137: result: gcc -E
configure:7157: gcc -E  conftest.c
configure:7157: $? = 0
configure:7171: gcc -E  conftest.c
conftest.c:11:28: fatal error: ac_nonexistent.h: No such file or directory
 #include <ac_nonexistent.h>
                            ^
compilation terminated.
configure:7171: $? = 1
configure: failed program was:
| /* confdefs.h */
| #define PACKAGE_NAME "gf-complete"
| #define PACKAGE_TARNAME "gf-complete"
| #define PACKAGE_VERSION "1.0"
| #define PACKAGE_STRING "gf-complete 1.0"
| #define PACKAGE_BUGREPORT ""
| #define PACKAGE_URL ""
| #define PACKAGE "no-dependencies"
| #define VERSION "foreign"
| /* end confdefs.h.  */
| #include <ac_nonexistent.h>
configure:7200: checking for ANSI C header files
configure:7220: gcc -c -g -O2  conftest.c >&5
configure:7220: $? = 0
configure:7293: gcc -o conftest -g -O2   conftest.c  >&5
configure:7293: $? = 0
configure:7293: ./conftest
configure:7293: $? = 0
configure:7304: result: yes
configure:7317: checking for sys/types.h
configure:7317: gcc -c -g -O2  conftest.c >&5
configure:7317: $? = 0
configure:7317: result: yes
configure:7317: checking for sys/stat.h
configure:7317: gcc -c -g -O2  conftest.c >&5
configure:7317: $? = 0
configure:7317: result: yes
configure:7317: checking for stdlib.h
configure:7317: gcc -c -g -O2  conftest.c >&5
configure:7317: $? = 0
configure:7317: result: yes
configure:7317: checking for string.h
configure:7317: gcc -c -g -O2  conftest.c >&5
configure:7317: $? = 0
configure:7317: result: yes
configure:7317: checking for memory.h
configure:7317: gcc -c -g -O2  conftest.c >&5
configure:7317: $? = 0
configure:7317: result: yes
configure:7317: checking for strings.h
configure:7317: gcc -c -g -O2  conftest.c >&5
configure:7317: $? = 0
configure:7317: result: yes
configure:7317: checking for inttypes.h
configure:7317: gcc -c -g -O2  conftest.c >&5
configure:7317: $? = 0
configure:7317: result: yes
configure:7317: checking for stdint.h
configure:7317: gcc -c -g -O2  conftest.c >&5
configure:7317: $? = 0
configure:7317: result: yes
configure:7317: checking for unistd.h
configure:7317: gcc -c -g -O2  conftest.c >&5
configure:7317: $? = 0
configure:7317: result: yes
configure:7331: checking for dlfcn.h
configure:7331: gcc -c -g -O2  conftest.c >&5
configure:7331: $? = 0
configure:7331: result: yes
configure:7537: checking for objdir
configure:7552: result: .libs
configure:7823: checking if gcc supports -fno-rtti -fno-exceptions
configure:7841: gcc -c -g -O2  -fno-rtti -fno-exceptions conftest.c >&5
cc1: warning: command line option '-fno-rtti' is valid for C++/ObjC++ but not for C [enabled by default]
configure:7845: $? = 0
configure:7858: result: no
configure:8185: checking for gcc option to produce PIC
configure:8192: result: -fPIC -DPIC
configure:8200: checking if gcc PIC flag -fPIC -DPIC works
configure:8218: gcc -c -g -O2  -fPIC -DPIC -DPIC conftest.c >&5
configure:8222: $? = 0
configure:8235: result: yes
configure:8264: checking if gcc static flag -static works
configure:8292: result: yes
configure:8307: checking if gcc supports -c -o file.o
configure:8328: gcc -c -g -O2  -o out/conftest2.o conftest.c >&5
configure:8332: $? = 0
configure:8354: result: yes
configure:8362: checking if gcc supports -c -o file.o
configure:8409: result: yes
configure:8442: checking whether the gcc linker (/usr/bin/ld -m elf_x86_64) supports shared libraries
configure:9595: result: yes
configure:9632: checking whether -lc should be explicitly linked in
configure:9640: gcc -c -g -O2  conftest.c >&5
configure:9643: $? = 0
configure:9658: gcc -shared  -fPIC -DPIC conftest.o  -v -Wl,-soname -Wl,conftest -o conftest 2\>\&1 \| /bin/grep  -lc  \>/dev/null 2\>\&1
configure:9661: $? = 0
configure:9675: result: no
configure:9835: checking dynamic linker characteristics
configure:10346: gcc -o conftest -g -O2   -Wl,-rpath -Wl,/foo conftest.c  >&5
configure:10346: $? = 0
configure:10568: result: GNU/Linux ld.so
configure:10675: checking how to hardcode library paths into programs
configure:10700: result: immediate
configure:11240: checking whether stripping libraries is possible
configure:11245: result: yes
configure:11280: checking if libtool supports shared libraries
configure:11282: result: yes
configure:11285: checking whether to build shared libraries
configure:11306: result: yes
configure:11309: checking whether to build static libraries
configure:11313: result: yes
configure:11358: checking whether to enable maintainer-specific portions of Makefiles
configure:11367: result: no
configure:11432: checking for gcc
configure:11459: result: gcc
configure:11688: checking for C compiler version
configure:11697: gcc --version >&5
gcc (Ubuntu/Linaro 4.8.1-10ubuntu9) 4.8.1
Copyright (C) 2013 Free Software Foundation, Inc.
This is free software; see the source for copying conditions.  There is NO
warranty; not even for MERCHANTABILITY or FITNESS FOR A PARTICULAR PURPOSE.

configure:11708: $? = 0
configure:11697: gcc -v >&5
Using built-in specs.
COLLECT_GCC=gcc
COLLECT_LTO_WRAPPER=/usr/lib/gcc/x86_64-linux-gnu/4.8/lto-wrapper
Target: x86_64-linux-gnu
Configured with: ../src/configure -v --with-pkgversion='Ubuntu/Linaro 4.8.1-10ubuntu9' --with-bugurl=file:///usr/share/doc/gcc-4.8/README.Bugs --enable-languages=c,c++,java,go,d,fortran,objc,obj-c++ --prefix=/usr --program-suffix=-4.8 --enable-shared --enable-linker-build-id --libexecdir=/usr/lib --without-included-gettext --enable-threads=posix --with-gxx-include-dir=/usr/include/c++/4.8 --libdir=/usr/lib --enable-nls --with-sysroot=/ --enable-clocale=gnu --enable-libstdcxx-debug --enable-libstdcxx-time=yes --enable-gnu-unique-object --enable-plugin --with-system-zlib --disable-browser-plugin --enable-java-awt=gtk --enable-gtk-cairo --with-java-home=/usr/lib/jvm/java-1.5.0-gcj-4.8-amd64/jre --enable-java-home --with-jvm-root-dir=/usr/lib/jvm/java-1.5.0-gcj-4.8-amd64 --with-jvm-jar-dir=/usr/lib/jvm-exports/java-1.5.0-gcj-4.8-amd64 --with-arch-directory=amd64 --with-ecj-jar=/usr/share/java/eclipse-ecj.jar --enable-objc-gc --enable-multiarch --disable-werror --with-arch-32=i686 --with-abi=m64 --with-multilib-list=m32,m64,mx32 --with-tune=generic --enable-checking=release --build=x86_64-linux-gnu --host=x86_64-linux-gnu --target=x86_64-linux-gnu
Thread model: posix
gcc version 4.8.1 (Ubuntu/Linaro 4.8.1-10ubuntu9) 
configure:11708: $? = 0
configure:11697: gcc -V >&5
gcc: error: unrecognized command line option '-V'
gcc: fatal error: no input files
compilation terminated.
configure:11708: $? = 4
configure:11697: gcc -qversion >&5
gcc: error: unrecognized command line option '-qversion'
gcc: fatal error: no input files
compilation terminated.
configure:11708: $? = 4
configure:11712: checking whether we are using the GNU C compiler
configure:11740: result: yes
configure:11749: checking whether gcc accepts -g
configure:11810: result: yes
configure:11827: checking for gcc option to accept ISO C89
configure:11903: result: none needed
configure:11928: checking whether gcc understands -c and -o together
configure:11965: result: yes
configure:11984: checking dependency style of gcc
configure:12095: result: gcc3
configure:12118: checking for x86 cpuid  output
configure:12147: gcc -o conftest -Wall -O3 -g   conftest.c  >&5
conftest.c: In function 'main':
conftest.c:28:15: error: expected expression before ',' token
      int op = , eax, ebx, ecx, edx;
               ^
configure:12147: $? = 1
configure: program exited with status 1
configure: failed program was:
| /* confdefs.h */
| #define PACKAGE_NAME "gf-complete"
| #define PACKAGE_TARNAME "gf-complete"
| #define PACKAGE_VERSION "1.0"
| #define PACKAGE_STRING "gf-complete 1.0"
| #define PACKAGE_BUGREPORT ""
| #define PACKAGE_URL ""
| #define PACKAGE "no-dependencies"
| #define VERSION "foreign"
| #define STDC_HEADERS 1
| #define HAVE_SYS_TYPES_H 1
| #define HAVE_SYS_STAT_H 1
| #define HAVE_STDLIB_H 1
| #define HAVE_STRING_H 1
| #define HAVE_MEMORY_H 1
| #define HAVE_STRINGS_H 1
| #define HAVE_INTTYPES_H 1
| #define HAVE_STDINT_H 1
| #define HAVE_UNISTD_H 1
| #define HAVE_DLFCN_H 1
| #define LT_OBJDIR ".libs/"
| /* end confdefs.h.  */
| #include <stdio.h>
| int
| main ()
| {
| 
|      int op = , eax, ebx, ecx, edx;
|      FILE *f;
|       __asm__("cpuid"
|         : "=a" (eax), "=b" (ebx), "=c" (ecx), "=d" (edx)
|         : "a" (op));
|      f = fopen("conftest_cpuid", "w"); if (!f) return 1;
|      fprintf(f, "%x:%x:%x:%x\n", eax, ebx, ecx, edx);
|      fclose(f);
|      return 0;
| 
|   ;
|   return 0;
| }
configure:12157: result: unknown
configure:12173: checking for x86-AVX xgetbv  output
configure:12203: gcc -o conftest -Wall -O3 -g   conftest.c  >&5
conftest.c: In function 'main':
conftest.c:28:15: error: expected expression before ',' token
      int op = , eax, edx;
               ^
configure:12203: $? = 1
configure: program exited with status 1
configure: failed program was:
| /* confdefs.h */
| #define PACKAGE_NAME "gf-complete"
| #define PACKAGE_TARNAME "gf-complete"
| #define PACKAGE_VERSION "1.0"
| #define PACKAGE_STRING "gf-complete 1.0"
| #define PACKAGE_BUGREPORT ""
| #define PACKAGE_URL ""
| #define PACKAGE "no-dependencies"
| #define VERSION "foreign"
| #define STDC_HEADERS 1
| #define HAVE_SYS_TYPES_H 1
| #define HAVE_SYS_STAT_H 1
| #define HAVE_STDLIB_H 1
| #define HAVE_STRING_H 1
| #define HAVE_MEMORY_H 1
| #define HAVE_STRINGS_H 1
| #define HAVE_INTTYPES_H 1
| #define HAVE_STDINT_H 1
| #define HAVE_UNISTD_H 1
| #define HAVE_DLFCN_H 1
| #define LT_OBJDIR ".libs/"
| /* end confdefs.h.  */
| #include <stdio.h>
| int
| main ()
| {
| 
|      int op = , eax, edx;
|      FILE *f;
|       /* Opcodes for xgetbv */
|       __asm__(".byte 0x0f, 0x01, 0xd0"
|         : "=a" (eax), "=d" (edx)
|         : "c" (op));
|      f = fopen("conftest_xgetbv", "w"); if (!f) return 1;
|      fprintf(f, "%x:%x\n", eax, edx);
|      fclose(f);
|      return 0;
| 
|   ;
|   return 0;
| }
configure:12213: result: unknown
configure:12298: checking for x86 cpuid 0x00000001 output
configure:12327: gcc -o conftest -Wall -O3 -g   conftest.c  >&5
configure:12327: $? = 0
configure:12327: ./conftest
configure:12327: $? = 0
configure:12337: result: 20655:800:209:78bfbff
configure:12349: checking whether mmx is supported
configure:12361: result: yes
configure:12364: checking whether sse is supported
configure:12376: result: yes
configure:12379: checking whether sse2 is supported
configure:12391: result: yes
configure:12394: checking whether sse3 is supported
configure:12406: result: yes
configure:12409: checking whether pclmuldq is supported
configure:12421: result: no
configure:12424: checking whether ssse3 is supported
configure:12436: result: yes
configure:12439: checking whether sse4.1 is supported
configure:12451: result: no
configure:12454: checking whether sse4.2 is supported
configure:12466: result: no
configure:12469: checking whether avx is supported by processor
configure:12481: result: no
configure:12571: checking whether C compiler accepts -mmmx
configure:12590: gcc -c -Wall -O3 -g  -mmmx  conftest.c >&5
configure:12590: $? = 0
configure:12598: result: yes
configure:12622: checking whether C compiler accepts -msse
configure:12641: gcc -c -Wall -O3 -g  -msse  conftest.c >&5
configure:12641: $? = 0
configure:12649: result: yes
configure:12669: checking whether C compiler accepts -msse2
configure:12688: gcc -c -Wall -O3 -g  -msse2  conftest.c >&5
configure:12688: $? = 0
configure:12696: result: yes
configure:12716: checking whether C compiler accepts -msse3
configure:12735: gcc -c -Wall -O3 -g  -msse3  conftest.c >&5
configure:12735: $? = 0
configure:12743: result: yes
configure:12810: checking whether C compiler accepts -mssse3
configure:12829: gcc -c -Wall -O3 -g  -mssse3  conftest.c >&5
configure:12829: $? = 0
configure:12837: result: yes
configure:13114: checking that generated files are newer than configure
configure:13120: result: done
configure:13151: creating ./config.status

## ---------------- ##
## Cache variables. ##
## ---------------- ##

ac_cv_build=x86_64-unknown-linux-gnu
ac_cv_c_compiler_gnu=yes
ac_cv_env_CC_set=
ac_cv_env_CC_value=
ac_cv_env_CFLAGS_set=
ac_cv_env_CFLAGS_value=
ac_cv_env_CPPFLAGS_set=
ac_cv_env_CPPFLAGS_value=
ac_cv_env_CPP_set=
ac_cv_env_CPP_value=
ac_cv_env_LDFLAGS_set=
ac_cv_env_LDFLAGS_value=
ac_cv_env_LIBS_set=
ac_cv_env_LIBS_value=
ac_cv_env_build_alias_set=
ac_cv_env_build_alias_value=
ac_cv_env_host_alias_set=
ac_cv_env_host_alias_value=
ac_cv_env_target_alias_set=
ac_cv_env_target_alias_value=
ac_cv_header_dlfcn_h=yes
ac_cv_header_inttypes_h=yes
ac_cv_header_memory_h=yes
ac_cv_header_stdc=yes
ac_cv_header_stdint_h=yes
ac_cv_header_stdlib_h=yes
ac_cv_header_string_h=yes
ac_cv_header_strings_h=yes
ac_cv_header_sys_stat_h=yes
ac_cv_header_sys_types_h=yes
ac_cv_header_unistd_h=yes
ac_cv_host=x86_64-unknown-linux-gnu
ac_cv_objext=o
ac_cv_path_EGREP='/bin/grep -E'
ac_cv_path_FGREP='/bin/grep -F'
ac_cv_path_GREP=/bin/grep
ac_cv_path_SED=/bin/sed
ac_cv_path_install='/usr/bin/install -c'
ac_cv_path_mkdir=/bin/mkdir
ac_cv_prog_AWK=mawk
ac_cv_prog_CPP='gcc -E'
ac_cv_prog_ac_ct_AR=ar
ac_cv_prog_ac_ct_CC=gcc
ac_cv_prog_ac_ct_MANIFEST_TOOL=mt
ac_cv_prog_ac_ct_OBJDUMP=objdump
ac_cv_prog_ac_ct_RANLIB=ranlib
ac_cv_prog_ac_ct_STRIP=strip
ac_cv_prog_cc_c89=
ac_cv_prog_cc_g=yes
ac_cv_prog_make_make_set=yes
am_cv_CC_dependencies_compiler_type=gcc3
am_cv_make_support_nested_variables=yes
am_cv_prog_cc_c_o=yes
ax_cv_check_cflags___mmmx=yes
ax_cv_check_cflags___msse2=yes
ax_cv_check_cflags___msse3=yes
ax_cv_check_cflags___msse=yes
ax_cv_check_cflags___mssse3=yes
ax_cv_gcc_x86_avx_xgetbv_=unknown
ax_cv_gcc_x86_cpuid_0x00000001=20655:800:209:78bfbff
ax_cv_gcc_x86_cpuid_=unknown
ax_cv_have_avx_cpu_ext=no
ax_cv_have_mmx_ext=yes
ax_cv_have_pclmuldq_ext=no
ax_cv_have_sse2_ext=yes
ax_cv_have_sse3_ext=yes
ax_cv_have_sse41_ext=no
ax_cv_have_sse42_ext=no
ax_cv_have_sse_ext=yes
ax_cv_have_ssse3_ext=yes
ax_cv_support_mmx_ext=yes
ax_cv_support_sse2_ext=yes
ax_cv_support_sse3_ext=yes
ax_cv_support_sse_ext=yes
ax_cv_support_ssse3_ext=yes
lt_cv_ar_at_file=@
lt_cv_archive_cmds_need_lc=no
lt_cv_deplibs_check_method=pass_all
lt_cv_file_magic_cmd='$MAGIC_CMD'
lt_cv_file_magic_test_file=
lt_cv_ld_reload_flag=-r
lt_cv_nm_interface='BSD nm'
lt_cv_objdir=.libs
lt_cv_path_LD=/usr/bin/ld
lt_cv_path_NM='/usr/bin/nm -B'
lt_cv_path_mainfest_tool=no
lt_cv_prog_compiler_c_o=yes
lt_cv_prog_compiler_pic='-fPIC -DPIC'
lt_cv_prog_compiler_pic_works=yes
lt_cv_prog_compiler_rtti_exceptions=no
lt_cv_prog_compiler_static_works=yes
lt_cv_prog_gnu_ld=yes
lt_cv_sharedlib_from_linklib_cmd='printf %s\n'
lt_cv_shlibpath_overrides_runpath=no
lt_cv_sys_global_symbol_pipe='sed -n -e '\''s/^.*[	 ]\([ABCDGIRSTW][ABCDGIRSTW]*\)[	 ][	 ]*\([_A-Za-z][_A-Za-z0-9]*\)$/\1 \2 \2/p'\'' | sed '\''/ __gnu_lto/d'\'''
lt_cv_sys_global_symbol_to_c_name_address='sed -n -e '\''s/^: \([^ ]*\)[ ]*$/  {\"\1\", (void *) 0},/p'\'' -e '\''s/^[ABCDGIRSTW]* \([^ ]*\) \([^ ]*\)$/  {"\2", (void *) \&\2},/p'\'''
lt_cv_sys_global_symbol_to_c_name_address_lib_prefix='sed -n -e '\''s/^: \([^ ]*\)[ ]*$/  {\"\1\", (void *) 0},/p'\'' -e '\''s/^[ABCDGIRSTW]* \([^ ]*\) \(lib[^ ]*\)$/  {"\2", (void *) \&\2},/p'\'' -e '\''s/^[ABCDGIRSTW]* \([^ ]*\) \([^ ]*\)$/  {"lib\2", (void *) \&\2},/p'\'''
lt_cv_sys_global_symbol_to_cdecl='sed -n -e '\''s/^T .* \(.*\)$/extern int \1();/p'\'' -e '\''s/^[ABCDGIRSTW]* .* \(.*\)$/extern char \1;/p'\'''
lt_cv_sys_max_cmd_len=3458764513820540925
lt_cv_to_host_file_cmd=func_convert_file_noop
lt_cv_to_tool_file_cmd=func_convert_file_noop

## ----------------- ##
## Output variables. ##
## ----------------- ##

ACLOCAL='${SHELL} /home/shank/sstack/oss/gf-complete/missing aclocal-1.14'
AMDEPBACKSLASH='\'
AMDEP_FALSE='#'
AMDEP_TRUE=''
AMTAR='$${TAR-tar}'
AM_BACKSLASH='\'
AM_DEFAULT_V='$(AM_DEFAULT_VERBOSITY)'
AM_DEFAULT_VERBOSITY='1'
AM_V='$(V)'
AR='ar'
AUTOCONF='${SHELL} /home/shank/sstack/oss/gf-complete/missing autoconf'
AUTOHEADER='${SHELL} /home/shank/sstack/oss/gf-complete/missing autoheader'
AUTOMAKE='${SHELL} /home/shank/sstack/oss/gf-complete/missing automake-1.14'
AWK='mawk'
CC='gcc'
CCDEPMODE='depmode=gcc3'
CFLAGS='-Wall -O3 -g'
CPP='gcc -E'
CPPFLAGS=''
CYGPATH_W='echo'
DEFS='-DHAVE_CONFIG_H'
DEPDIR='.deps'
DLLTOOL='false'
DSYMUTIL=''
DUMPBIN=''
ECHO_C=''
ECHO_N='-n'
ECHO_T=''
EGREP='/bin/grep -E'
EXEEXT=''
FGREP='/bin/grep -F'
GREP='/bin/grep'
INSTALL_DATA='${INSTALL} -m 644'
INSTALL_PROGRAM='${INSTALL}'
INSTALL_SCRIPT='${INSTALL}'
INSTALL_STRIP_PROGRAM='$(install_sh) -c -s'
LD='/usr/bin/ld -m elf_x86_64'
LDFLAGS=''
LIBOBJS=''
LIBS=''
LIBTOOL='$(SHELL) $(top_builddir)/libtool'
LIPO=''
LN_S='ln -s'
LTLIBOBJS=''
MAINT='#'
MAINTAINER_MODE_FALSE=''
MAINTAINER_MODE_TRUE='#'
MAKEINFO='${SHELL} /home/shank/sstack/oss/gf-complete/missing makeinfo'
MANIFEST_TOOL=':'
MKDIR_P='/bin/mkdir -p'
NM='/usr/bin/nm -B'
NMEDIT=''
OBJDUMP='objdump'
OBJEXT='o'
OTOOL64=''
OTOOL=''
PACKAGE='no-dependencies'
PACKAGE_BUGREPORT=''
PACKAGE_NAME='gf-complete'
PACKAGE_STRING='gf-complete 1.0'
PACKAGE_TARNAME='gf-complete'
PACKAGE_URL=''
PACKAGE_VERSION='1.0'
PATH_SEPARATOR=':'
RANLIB='ranlib'
SED='/bin/sed'
SET_MAKE=''
SHELL='/bin/bash'
SIMD_FLAGS=' -mmmx -msse -DINTEL_SSE -msse2 -DINTEL_SSE2 -msse3 -DINTEL_SSE3 -mssse3 -DINTEL_SSSE3'
STRIP='strip'
VERSION='foreign'
ac_ct_AR='ar'
ac_ct_CC='gcc'
ac_ct_DUMPBIN=''
am__EXEEXT_FALSE=''
am__EXEEXT_TRUE='#'
am__fastdepCC_FALSE='#'
am__fastdepCC_TRUE=''
am__include='include'
am__isrc=''
am__leading_dot='.'
am__nodep='_no'
am__quote=''
am__tar='$${TAR-tar} chof - "$$tardir"'
am__untar='$${TAR-tar} xf -'
bindir='${exec_prefix}/bin'
build='x86_64-unknown-linux-gnu'
build_alias=''
build_cpu='x86_64'
build_os='linux-gnu'
build_vendor='unknown'
datadir='${datarootdir}'
datarootdir='${prefix}/share'
docdir='${datarootdir}/doc/${PACKAGE_TARNAME}'
dvidir='${docdir}'
exec_prefix='${prefix}'
host='x86_64-unknown-linux-gnu'
host_alias=''
host_cpu='x86_64'
host_os='linux-gnu'
host_vendor='unknown'
htmldir='${docdir}'
includedir='${prefix}/include'
infodir='${datarootdir}/info'
install_sh='${SHELL} /home/shank/sstack/oss/gf-complete/install-sh'
libdir='${exec_prefix}/lib'
libexecdir='${exec_prefix}/libexec'
localedir='${datarootdir}/locale'
localstatedir='${prefix}/var'
mandir='${datarootdir}/man'
mkdir_p='$(MKDIR_P)'
oldincludedir='/usr/include'
pdfdir='${docdir}'
prefix='/usr/local'
program_transform_name='s,x,x,'
psdir='${docdir}'
sbindir='${exec_prefix}/sbin'
sharedstatedir='${prefix}/com'
sysconfdir='${prefix}/etc'
target_alias=''

## ----------- ##
## confdefs.h. ##
## ----------- ##

/* confdefs.h */
#define PACKAGE_NAME "gf-complete"
#define PACKAGE_TARNAME "gf-complete"
#define PACKAGE_VERSION "1.0"
#define PACKAGE_STRING "gf-complete 1.0"
#define PACKAGE_BUGREPORT ""
#define PACKAGE_URL ""
#define PACKAGE "no-dependencies"
#define VERSION "foreign"
#define STDC_HEADERS 1
#define HAVE_SYS_TYPES_H 1
#define HAVE_SYS_STAT_H 1
#define HAVE_STDLIB_H 1
#define HAVE_STRING_H 1
#define HAVE_MEMORY_H 1
#define HAVE_STRINGS_H 1
#define HAVE_INTTYPES_H 1
#define HAVE_STDINT_H 1
#define HAVE_UNISTD_H 1
#define HAVE_DLFCN_H 1
#define LT_OBJDIR ".libs/"
#define HAVE_MMX /**/
#define HAVE_SSE /**/
#define HAVE_SSE2 /**/
#define HAVE_SSE3 /**/
#define HAVE_SSSE3 /**/

configure: exit 0

## ---------------------- ##
## Running config.status. ##
## ---------------------- ##

This file was extended by gf-complete config.status 1.0, which was
generated by GNU Autoconf 2.69.  Invocation command line was

  CONFIG_FILES    = 
  CONFIG_HEADERS  = 
  CONFIG_LINKS    = 
  CONFIG_COMMANDS = 
  $ ./config.status 

on shank-VirtualBox

config.status:1093: creating Makefile
config.status:1093: creating src/Makefile
config.status:1093: creating tools/Makefile
config.status:1093: creating test/Makefile
config.status:1079: error: cannot find input file: `examples/Makefile.in'

## ---------------------- ##
## Running config.status. ##
## ---------------------- ##

This file was extended by gf-complete config.status 1.0, which was
generated by GNU Autoconf 2.69.  Invocation command line was

  CONFIG_FILES    = 
  CONFIG_HEADERS  = 
  CONFIG_LINKS    = 
  CONFIG_COMMANDS = 
  $ ./config.status 

on shank-VirtualBox

config.status:1093: creating Makefile
config.status:1093: creating src/Makefile
config.status:1093: creating tools/Makefile
config.status:1093: creating test/Makefile
config.status:1079: error: cannot find input file: `examples/Makefile.in'

## ---------------------- ##
## Running config.status. ##
## ---------------------- ##

This file was extended by gf-complete config.status 1.0, which was
generated by GNU Autoconf 2.69.  Invocation command line was

  CONFIG_FILES    = 
  CONFIG_HEADERS  = 
  CONFIG_LINKS    = 
  CONFIG_COMMANDS = 
  $ ./config.status 

on shank-VirtualBox

config.status:1093: creating Makefile
config.status:1093: creating src/Makefile
config.status:1093: creating tools/Makefile
config.status:1093: creating test/Makefile
config.status:1079: error: cannot find input file: `examples/Makefile.in'
