This file contains any messages produced by compilers while
running configure, to aid debugging if configure makes a mistake.

It was created by clish configure 0.7.3, which was
generated by GNU Autoconf 2.69.  Invocation command line was

  $ ./configure CC=gcc-4.7 --no-create --no-recursion

## --------- ##
## Platform. ##
## --------- ##

hostname = Maximus
uname -m = x86_64
uname -r = 3.11.0-14-generic
uname -s = Linux
uname -v = #21-Ubuntu SMP Tue Nov 12 17:04:55 UTC 2013

/usr/bin/uname -p = unknown
/bin/uname -X     = unknown

/bin/arch              = unknown
/usr/bin/arch -k       = unknown
/usr/convex/getsysinfo = unknown
/usr/bin/hostinfo      = unknown
/bin/machine           = unknown
/usr/bin/oslevel       = unknown
/bin/universe          = unknown

PATH: /usr/local/sbin
PATH: /usr/local/bin
PATH: /usr/sbin
PATH: /usr/bin
PATH: /sbin
PATH: /bin
PATH: /usr/games
PATH: /usr/local/games


## ----------- ##
## Core tests. ##
## ----------- ##

configure:2816: checking for a BSD-compatible install
configure:2884: result: /usr/bin/install -c
configure:2895: checking whether build environment is sane
configure:2932: result: yes
configure:2994: checking for gawk
configure:3010: found /usr/bin/gawk
configure:3021: result: gawk
configure:3032: checking whether make sets $(MAKE)
configure:3054: result: yes
configure:3244: checking for style of include used by make
configure:3272: result: GNU
configure:3345: checking for gcc
configure:3372: result: gcc-4.7
configure:3601: checking for C compiler version
configure:3610: gcc-4.7 --version >&5
gcc-4.7 (Ubuntu/Linaro 4.7.3-7ubuntu3) 4.7.3
Copyright (C) 2012 Free Software Foundation, Inc.
This is free software; see the source for copying conditions.  There is NO
warranty; not even for MERCHANTABILITY or FITNESS FOR A PARTICULAR PURPOSE.

configure:3621: $? = 0
configure:3610: gcc-4.7 -v >&5
Using built-in specs.
COLLECT_GCC=gcc-4.7
COLLECT_LTO_WRAPPER=/usr/lib/gcc/x86_64-linux-gnu/4.7/lto-wrapper
Target: x86_64-linux-gnu
Configured with: ../src/configure -v --with-pkgversion='Ubuntu/Linaro 4.7.3-7ubuntu3' --with-bugurl=file:///usr/share/doc/gcc-4.7/README.Bugs --enable-languages=c,c++,go,fortran,objc,obj-c++ --prefix=/usr --program-suffix=-4.7 --enable-shared --enable-linker-build-id --libexecdir=/usr/lib --without-included-gettext --enable-threads=posix --with-gxx-include-dir=/usr/include/c++/4.7 --libdir=/usr/lib --enable-nls --with-sysroot=/ --enable-clocale=gnu --enable-libstdcxx-debug --enable-gnu-unique-object --enable-plugin --with-system-zlib --enable-objc-gc --with-cloog --enable-cloog-backend=ppl --disable-cloog-version-check --disable-ppl-version-check --enable-multiarch --disable-werror --with-arch-32=i686 --with-abi=m64 --with-multilib-list=m32,m64,mx32 --with-tune=generic --enable-checking=release --build=x86_64-linux-gnu --host=x86_64-linux-gnu --target=x86_64-linux-gnu
Thread model: posix
gcc version 4.7.3 (Ubuntu/Linaro 4.7.3-7ubuntu3) 
configure:3621: $? = 0
configure:3610: gcc-4.7 -V >&5
gcc-4.7: error: unrecognized command line option '-V'
gcc-4.7: fatal error: no input files
compilation terminated.
configure:3621: $? = 4
configure:3610: gcc-4.7 -qversion >&5
gcc-4.7: error: unrecognized command line option '-qversion'
gcc-4.7: fatal error: no input files
compilation terminated.
configure:3621: $? = 4
configure:3641: checking whether the C compiler works
configure:3663: gcc-4.7    conftest.c  >&5
configure:3667: $? = 0
configure:3715: result: yes
configure:3718: checking for C compiler default output file name
configure:3720: result: a.out
configure:3726: checking for suffix of executables
configure:3733: gcc-4.7 -o conftest    conftest.c  >&5
configure:3737: $? = 0
configure:3759: result: 
configure:3781: checking whether we are cross compiling
configure:3789: gcc-4.7 -o conftest    conftest.c  >&5
configure:3793: $? = 0
configure:3800: ./conftest
configure:3804: $? = 0
configure:3819: result: no
configure:3824: checking for suffix of object files
configure:3846: gcc-4.7 -c   conftest.c >&5
configure:3850: $? = 0
configure:3871: result: o
configure:3875: checking whether we are using the GNU C compiler
configure:3894: gcc-4.7 -c   conftest.c >&5
configure:3894: $? = 0
configure:3903: result: yes
configure:3912: checking whether gcc-4.7 accepts -g
configure:3932: gcc-4.7 -c -g  conftest.c >&5
configure:3932: $? = 0
configure:3973: result: yes
configure:3990: checking for gcc-4.7 option to accept ISO C89
configure:4053: gcc-4.7  -c -g -O2  conftest.c >&5
configure:4053: $? = 0
configure:4066: result: none needed
configure:4088: checking dependency style of gcc-4.7
configure:4178: result: gcc3
configure:4196: checking whether gcc-4.7 and cc understand -c and -o together
configure:4227: gcc-4.7 -c conftest.c -o conftest2.o >&5
configure:4231: $? = 0
configure:4237: gcc-4.7 -c conftest.c -o conftest2.o >&5
configure:4241: $? = 0
configure:4252: cc -c conftest.c >&5
configure:4256: $? = 0
configure:4264: cc -c conftest.c -o conftest2.o >&5
configure:4268: $? = 0
configure:4274: cc -c conftest.c -o conftest2.o >&5
configure:4278: $? = 0
configure:4296: result: yes
configure:4369: checking for gcc
configure:4396: result: gcc-4.7
configure:4625: checking for C compiler version
configure:4634: gcc-4.7 --version >&5
gcc-4.7 (Ubuntu/Linaro 4.7.3-7ubuntu3) 4.7.3
Copyright (C) 2012 Free Software Foundation, Inc.
This is free software; see the source for copying conditions.  There is NO
warranty; not even for MERCHANTABILITY or FITNESS FOR A PARTICULAR PURPOSE.

configure:4645: $? = 0
configure:4634: gcc-4.7 -v >&5
Using built-in specs.
COLLECT_GCC=gcc-4.7
COLLECT_LTO_WRAPPER=/usr/lib/gcc/x86_64-linux-gnu/4.7/lto-wrapper
Target: x86_64-linux-gnu
Configured with: ../src/configure -v --with-pkgversion='Ubuntu/Linaro 4.7.3-7ubuntu3' --with-bugurl=file:///usr/share/doc/gcc-4.7/README.Bugs --enable-languages=c,c++,go,fortran,objc,obj-c++ --prefix=/usr --program-suffix=-4.7 --enable-shared --enable-linker-build-id --libexecdir=/usr/lib --without-included-gettext --enable-threads=posix --with-gxx-include-dir=/usr/include/c++/4.7 --libdir=/usr/lib --enable-nls --with-sysroot=/ --enable-clocale=gnu --enable-libstdcxx-debug --enable-gnu-unique-object --enable-plugin --with-system-zlib --enable-objc-gc --with-cloog --enable-cloog-backend=ppl --disable-cloog-version-check --disable-ppl-version-check --enable-multiarch --disable-werror --with-arch-32=i686 --with-abi=m64 --with-multilib-list=m32,m64,mx32 --with-tune=generic --enable-checking=release --build=x86_64-linux-gnu --host=x86_64-linux-gnu --target=x86_64-linux-gnu
Thread model: posix
gcc version 4.7.3 (Ubuntu/Linaro 4.7.3-7ubuntu3) 
configure:4645: $? = 0
configure:4634: gcc-4.7 -V >&5
gcc-4.7: error: unrecognized command line option '-V'
gcc-4.7: fatal error: no input files
compilation terminated.
configure:4645: $? = 4
configure:4634: gcc-4.7 -qversion >&5
gcc-4.7: error: unrecognized command line option '-qversion'
gcc-4.7: fatal error: no input files
compilation terminated.
configure:4645: $? = 4
configure:4649: checking whether we are using the GNU C compiler
configure:4677: result: yes
configure:4686: checking whether gcc-4.7 accepts -g
configure:4747: result: yes
configure:4764: checking for gcc-4.7 option to accept ISO C89
configure:4840: result: none needed
configure:4862: checking dependency style of gcc-4.7
configure:4952: result: gcc3
configure:5027: checking for g++
configure:5043: found /usr/bin/g++
configure:5054: result: g++
configure:5081: checking for C++ compiler version
configure:5090: g++ --version >&5
g++ (Ubuntu/Linaro 4.8.1-10ubuntu9) 4.8.1
Copyright (C) 2013 Free Software Foundation, Inc.
This is free software; see the source for copying conditions.  There is NO
warranty; not even for MERCHANTABILITY or FITNESS FOR A PARTICULAR PURPOSE.

configure:5101: $? = 0
configure:5090: g++ -v >&5
Using built-in specs.
COLLECT_GCC=g++
COLLECT_LTO_WRAPPER=/usr/lib/gcc/x86_64-linux-gnu/4.8/lto-wrapper
Target: x86_64-linux-gnu
Configured with: ../src/configure -v --with-pkgversion='Ubuntu/Linaro 4.8.1-10ubuntu9' --with-bugurl=file:///usr/share/doc/gcc-4.8/README.Bugs --enable-languages=c,c++,java,go,d,fortran,objc,obj-c++ --prefix=/usr --program-suffix=-4.8 --enable-shared --enable-linker-build-id --libexecdir=/usr/lib --without-included-gettext --enable-threads=posix --with-gxx-include-dir=/usr/include/c++/4.8 --libdir=/usr/lib --enable-nls --with-sysroot=/ --enable-clocale=gnu --enable-libstdcxx-debug --enable-libstdcxx-time=yes --enable-gnu-unique-object --enable-plugin --with-system-zlib --disable-browser-plugin --enable-java-awt=gtk --enable-gtk-cairo --with-java-home=/usr/lib/jvm/java-1.5.0-gcj-4.8-amd64/jre --enable-java-home --with-jvm-root-dir=/usr/lib/jvm/java-1.5.0-gcj-4.8-amd64 --with-jvm-jar-dir=/usr/lib/jvm-exports/java-1.5.0-gcj-4.8-amd64 --with-arch-directory=amd64 --with-ecj-jar=/usr/share/java/eclipse-ecj.jar --enable-objc-gc --enable-multiarch --disable-werror --with-arch-32=i686 --with-abi=m64 --with-multilib-list=m32,m64,mx32 --with-tune=generic --enable-checking=release --build=x86_64-linux-gnu --host=x86_64-linux-gnu --target=x86_64-linux-gnu
Thread model: posix
gcc version 4.8.1 (Ubuntu/Linaro 4.8.1-10ubuntu9) 
configure:5101: $? = 0
configure:5090: g++ -V >&5
g++: error: unrecognized command line option '-V'
g++: fatal error: no input files
compilation terminated.
configure:5101: $? = 4
configure:5090: g++ -qversion >&5
g++: error: unrecognized command line option '-qversion'
g++: fatal error: no input files
compilation terminated.
configure:5101: $? = 4
configure:5105: checking whether we are using the GNU C++ compiler
configure:5124: g++ -c   conftest.cpp >&5
configure:5124: $? = 0
configure:5133: result: yes
configure:5142: checking whether g++ accepts -g
configure:5162: g++ -c -g  conftest.cpp >&5
configure:5162: $? = 0
configure:5203: result: yes
configure:5228: checking dependency style of g++
configure:5318: result: gcc3
configure:5413: checking build system type
configure:5427: result: x86_64-unknown-linux-gnu
configure:5447: checking host system type
configure:5460: result: x86_64-unknown-linux-gnu
configure:5480: checking for a sed that does not truncate output
configure:5536: result: /bin/sed
configure:5539: checking for grep that handles long lines and -e
configure:5597: result: /bin/grep
configure:5602: checking for egrep
configure:5664: result: /bin/grep -E
configure:5680: checking for ld used by gcc-4.7
configure:5747: result: /usr/bin/ld
configure:5754: checking if the linker (/usr/bin/ld) is GNU ld
configure:5769: result: yes
configure:5774: checking for /usr/bin/ld option to reload object files
configure:5781: result: -r
configure:5799: checking for BSD-compatible nm
configure:5848: result: /usr/bin/nm -B
configure:5852: checking whether ln -s works
configure:5856: result: yes
configure:5863: checking how to recognize dependent libraries
configure:6049: result: pass_all
configure:6138: gcc-4.7 -c -g -O2  conftest.c >&5
configure:6141: $? = 0
configure:6547: checking how to run the C preprocessor
configure:6578: gcc-4.7 -E  conftest.c
configure:6578: $? = 0
configure:6592: gcc-4.7 -E  conftest.c
conftest.c:11:28: fatal error: ac_nonexistent.h: No such file or directory
compilation terminated.
configure:6592: $? = 1
configure: failed program was:
| /* confdefs.h */
| #define PACKAGE_NAME "clish"
| #define PACKAGE_TARNAME "clish"
| #define PACKAGE_VERSION "0.7.3"
| #define PACKAGE_STRING "clish 0.7.3"
| #define PACKAGE_BUGREPORT "gmckerrell at users dot sourceforge dot net"
| #define PACKAGE_URL ""
| #define PACKAGE "clish"
| #define VERSION "0.7.3"
| /* end confdefs.h.  */
| #include <ac_nonexistent.h>
configure:6617: result: gcc-4.7 -E
configure:6637: gcc-4.7 -E  conftest.c
configure:6637: $? = 0
configure:6651: gcc-4.7 -E  conftest.c
conftest.c:11:28: fatal error: ac_nonexistent.h: No such file or directory
compilation terminated.
configure:6651: $? = 1
configure: failed program was:
| /* confdefs.h */
| #define PACKAGE_NAME "clish"
| #define PACKAGE_TARNAME "clish"
| #define PACKAGE_VERSION "0.7.3"
| #define PACKAGE_STRING "clish 0.7.3"
| #define PACKAGE_BUGREPORT "gmckerrell at users dot sourceforge dot net"
| #define PACKAGE_URL ""
| #define PACKAGE "clish"
| #define VERSION "0.7.3"
| /* end confdefs.h.  */
| #include <ac_nonexistent.h>
configure:6680: checking for ANSI C header files
configure:6700: gcc-4.7 -c -g -O2  conftest.c >&5
configure:6700: $? = 0
configure:6773: gcc-4.7 -o conftest -g -O2   conftest.c  >&5
configure:6773: $? = 0
configure:6773: ./conftest
configure:6773: $? = 0
configure:6784: result: yes
configure:6797: checking for sys/types.h
configure:6797: gcc-4.7 -c -g -O2  conftest.c >&5
configure:6797: $? = 0
configure:6797: result: yes
configure:6797: checking for sys/stat.h
configure:6797: gcc-4.7 -c -g -O2  conftest.c >&5
configure:6797: $? = 0
configure:6797: result: yes
configure:6797: checking for stdlib.h
configure:6797: gcc-4.7 -c -g -O2  conftest.c >&5
configure:6797: $? = 0
configure:6797: result: yes
configure:6797: checking for string.h
configure:6797: gcc-4.7 -c -g -O2  conftest.c >&5
configure:6797: $? = 0
configure:6797: result: yes
configure:6797: checking for memory.h
configure:6797: gcc-4.7 -c -g -O2  conftest.c >&5
configure:6797: $? = 0
configure:6797: result: yes
configure:6797: checking for strings.h
configure:6797: gcc-4.7 -c -g -O2  conftest.c >&5
configure:6797: $? = 0
configure:6797: result: yes
configure:6797: checking for inttypes.h
configure:6797: gcc-4.7 -c -g -O2  conftest.c >&5
configure:6797: $? = 0
configure:6797: result: yes
configure:6797: checking for stdint.h
configure:6797: gcc-4.7 -c -g -O2  conftest.c >&5
configure:6797: $? = 0
configure:6797: result: yes
configure:6797: checking for unistd.h
configure:6797: gcc-4.7 -c -g -O2  conftest.c >&5
configure:6797: $? = 0
configure:6797: result: yes
configure:6811: checking dlfcn.h usability
configure:6811: gcc-4.7 -c -g -O2  conftest.c >&5
configure:6811: $? = 0
configure:6811: result: yes
configure:6811: checking dlfcn.h presence
configure:6811: gcc-4.7 -E  conftest.c
configure:6811: $? = 0
configure:6811: result: yes
configure:6811: checking for dlfcn.h
configure:6811: result: yes
configure:6831: checking how to run the C++ preprocessor
configure:6858: g++ -E  conftest.cpp
configure:6858: $? = 0
configure:6872: g++ -E  conftest.cpp
conftest.cpp:22:28: fatal error: ac_nonexistent.h: No such file or directory
 #include <ac_nonexistent.h>
                            ^
compilation terminated.
configure:6872: $? = 1
configure: failed program was:
| /* confdefs.h */
| #define PACKAGE_NAME "clish"
| #define PACKAGE_TARNAME "clish"
| #define PACKAGE_VERSION "0.7.3"
| #define PACKAGE_STRING "clish 0.7.3"
| #define PACKAGE_BUGREPORT "gmckerrell at users dot sourceforge dot net"
| #define PACKAGE_URL ""
| #define PACKAGE "clish"
| #define VERSION "0.7.3"
| #define STDC_HEADERS 1
| #define HAVE_SYS_TYPES_H 1
| #define HAVE_SYS_STAT_H 1
| #define HAVE_STDLIB_H 1
| #define HAVE_STRING_H 1
| #define HAVE_MEMORY_H 1
| #define HAVE_STRINGS_H 1
| #define HAVE_INTTYPES_H 1
| #define HAVE_STDINT_H 1
| #define HAVE_UNISTD_H 1
| #define HAVE_DLFCN_H 1
| /* end confdefs.h.  */
| #include <ac_nonexistent.h>
configure:6897: result: g++ -E
configure:6917: g++ -E  conftest.cpp
configure:6917: $? = 0
configure:6931: g++ -E  conftest.cpp
conftest.cpp:22:28: fatal error: ac_nonexistent.h: No such file or directory
 #include <ac_nonexistent.h>
                            ^
compilation terminated.
configure:6931: $? = 1
configure: failed program was:
| /* confdefs.h */
| #define PACKAGE_NAME "clish"
| #define PACKAGE_TARNAME "clish"
| #define PACKAGE_VERSION "0.7.3"
| #define PACKAGE_STRING "clish 0.7.3"
| #define PACKAGE_BUGREPORT "gmckerrell at users dot sourceforge dot net"
| #define PACKAGE_URL ""
| #define PACKAGE "clish"
| #define VERSION "0.7.3"
| #define STDC_HEADERS 1
| #define HAVE_SYS_TYPES_H 1
| #define HAVE_SYS_STAT_H 1
| #define HAVE_STDLIB_H 1
| #define HAVE_STRING_H 1
| #define HAVE_MEMORY_H 1
| #define HAVE_STRINGS_H 1
| #define HAVE_INTTYPES_H 1
| #define HAVE_STDINT_H 1
| #define HAVE_UNISTD_H 1
| #define HAVE_DLFCN_H 1
| /* end confdefs.h.  */
| #include <ac_nonexistent.h>
configure:7015: checking for g77
configure:7045: result: no
configure:7015: checking for xlf
configure:7045: result: no
configure:7015: checking for f77
configure:7045: result: no
configure:7015: checking for frt
configure:7045: result: no
configure:7015: checking for pgf77
configure:7045: result: no
configure:7015: checking for cf77
configure:7045: result: no
configure:7015: checking for fort77
configure:7045: result: no
configure:7015: checking for fl32
configure:7045: result: no
configure:7015: checking for af77
configure:7045: result: no
configure:7015: checking for xlf90
configure:7045: result: no
configure:7015: checking for f90
configure:7045: result: no
configure:7015: checking for pgf90
configure:7045: result: no
configure:7015: checking for pghpf
configure:7045: result: no
configure:7015: checking for epcf90
configure:7045: result: no
configure:7015: checking for gfortran
configure:7045: result: no
configure:7015: checking for g95
configure:7045: result: no
configure:7015: checking for xlf95
configure:7045: result: no
configure:7015: checking for f95
configure:7045: result: no
configure:7015: checking for fort
configure:7045: result: no
configure:7015: checking for ifort
configure:7045: result: no
configure:7015: checking for ifc
configure:7045: result: no
configure:7015: checking for efc
configure:7045: result: no
configure:7015: checking for pgfortran
configure:7045: result: no
configure:7015: checking for pgf95
configure:7045: result: no
configure:7015: checking for lf95
configure:7045: result: no
configure:7015: checking for ftn
configure:7045: result: no
configure:7015: checking for nagfor
configure:7045: result: no
configure:7068: checking for Fortran 77 compiler version
configure:7077:  --version >&5
./configure: line 7079: --version: command not found
configure:7088: $? = 127
configure:7077:  -v >&5
./configure: line 7079: -v: command not found
configure:7088: $? = 127
configure:7077:  -V >&5
./configure: line 7079: -V: command not found
configure:7088: $? = 127
configure:7077:  -qversion >&5
./configure: line 7079: -qversion: command not found
configure:7088: $? = 127
configure:7097: checking whether we are using the GNU Fortran 77 compiler
configure:7110:  -c  conftest.F >&5
./configure: line 2164: -c: command not found
configure:7110: $? = 127
configure: failed program was:
|       program main
| #ifndef __GNUC__
|        choke me
| #endif
| 
|       end
configure:7119: result: no
configure:7125: checking whether  accepts -g
configure:7136:  -c -g conftest.f >&5
./configure: line 2164: -c: command not found
configure:7136: $? = 127
configure: failed program was:
|       program main
| 
|       end
configure:7144: result: no
configure:7177: checking the maximum length of command line arguments
configure:7289: result: 3458764513820540925
configure:7301: checking command to parse /usr/bin/nm -B output from gcc-4.7 object
configure:7406: gcc-4.7 -c -g -O2  conftest.c >&5
configure:7409: $? = 0
configure:7413: /usr/bin/nm -B conftest.o \| sed -n -e 's/^.*[ 	]\([ABCDGIRSTW][ABCDGIRSTW]*\)[ 	][ 	]*\([_A-Za-z][_A-Za-z0-9]*\)$/\1 \2 \2/p' \> conftest.nm
configure:7416: $? = 0
configure:7468: gcc-4.7 -o conftest -g -O2   conftest.c conftstm.o >&5
configure:7471: $? = 0
configure:7509: result: ok
configure:7513: checking for objdir
configure:7528: result: .libs
configure:7620: checking for ar
configure:7636: found /usr/bin/ar
configure:7647: result: ar
configure:7712: checking for ranlib
configure:7728: found /usr/bin/ranlib
configure:7739: result: ranlib
configure:7804: checking for strip
configure:7820: found /usr/bin/strip
configure:7831: result: strip
configure:8392: checking if gcc-4.7 supports -fno-rtti -fno-exceptions
configure:8410: gcc-4.7 -c -g -O2  -fno-rtti -fno-exceptions conftest.c >&5
cc1: warning: command line option '-fno-rtti' is valid for C++/ObjC++ but not for C [enabled by default]
configure:8414: $? = 0
configure:8427: result: no
configure:8442: checking for gcc-4.7 option to produce PIC
configure:8674: result: -fPIC
configure:8682: checking if gcc-4.7 PIC flag -fPIC works
configure:8700: gcc-4.7 -c -g -O2  -fPIC -DPIC conftest.c >&5
configure:8704: $? = 0
configure:8717: result: yes
configure:8745: checking if gcc-4.7 static flag -static works
configure:8773: result: yes
configure:8783: checking if gcc-4.7 supports -c -o file.o
configure:8804: gcc-4.7 -c -g -O2  -o out/conftest2.o conftest.c >&5
configure:8808: $? = 0
configure:8830: result: yes
configure:8856: checking whether the gcc-4.7 linker (/usr/bin/ld -m elf_x86_64) supports shared libraries
configure:9764: result: yes
configure:9785: checking whether -lc should be explicitly linked in
configure:9790: gcc-4.7 -c -g -O2  conftest.c >&5
configure:9793: $? = 0
configure:9808: gcc-4.7 -shared conftest.o  -v -Wl,-soname -Wl,conftest -o conftest 2\>\&1 \| grep  -lc  \>/dev/null 2\>\&1
configure:9811: $? = 0
configure:9823: result: no
configure:9831: checking dynamic linker characteristics
configure:10433: result: GNU/Linux ld.so
configure:10449: checking how to hardcode library paths into programs
configure:10474: result: immediate
configure:10488: checking whether stripping libraries is possible
configure:10493: result: yes
configure:11010: checking if libtool supports shared libraries
configure:11012: result: yes
configure:11015: checking whether to build shared libraries
configure:11036: result: yes
configure:11039: checking whether to build static libraries
configure:11043: result: yes
configure:11137: creating libtool
configure:11726: checking for ld used by g++
configure:11793: result: /usr/bin/ld -m elf_x86_64
configure:11800: checking if the linker (/usr/bin/ld -m elf_x86_64) is GNU ld
configure:11815: result: yes
configure:11866: checking whether the g++ linker (/usr/bin/ld -m elf_x86_64) supports shared libraries
configure:12758: result: yes
configure:12775: g++ -c -g -O2  conftest.cpp >&5
configure:12778: $? = 0
configure:12934: checking for g++ option to produce PIC
configure:13218: result: -fPIC
configure:13226: checking if g++ PIC flag -fPIC works
configure:13244: g++ -c -g -O2  -fPIC -DPIC conftest.cpp >&5
configure:13248: $? = 0
configure:13261: result: yes
configure:13289: checking if g++ static flag -static works
configure:13317: result: yes
configure:13327: checking if g++ supports -c -o file.o
configure:13348: g++ -c -g -O2  -o out/conftest2.o conftest.cpp >&5
configure:13352: $? = 0
configure:13374: result: yes
configure:13400: checking whether the g++ linker (/usr/bin/ld -m elf_x86_64) supports shared libraries
configure:13426: result: yes
configure:13493: checking dynamic linker characteristics
configure:14043: result: GNU/Linux ld.so
configure:14059: checking how to hardcode library paths into programs
configure:14084: result: immediate
configure:20155: checking size of int
configure:20160: gcc-4.7 -o conftest -g -O2   conftest.c  >&5
configure:20160: $? = 0
configure:20160: ./conftest
configure:20160: $? = 0
configure:20174: result: 4
configure:20188: checking size of long
configure:20193: gcc-4.7 -o conftest -g -O2   conftest.c  >&5
configure:20193: $? = 0
configure:20193: ./conftest
configure:20193: $? = 0
configure:20207: result: 8
configure:20221: checking size of size_t
configure:20226: gcc-4.7 -o conftest -g -O2   conftest.c  >&5
configure:20226: $? = 0
configure:20226: ./conftest
configure:20226: $? = 0
configure:20240: result: 8
configure:20333: checking pthread.h usability
configure:20333: gcc-4.7 -c -g -O2  conftest.c >&5
configure:20333: $? = 0
configure:20333: result: yes
configure:20333: checking pthread.h presence
configure:20333: gcc-4.7 -E  conftest.c
configure:20333: $? = 0
configure:20333: result: yes
configure:20333: checking for pthread.h
configure:20333: result: yes
configure:20338: checking for pthread_create in -lpthread
configure:20363: gcc-4.7 -o conftest -g -O2   conftest.c -lpthread   >&5
configure:20363: $? = 0
configure:20372: result: yes
configure:20409: checking for clock_gettime in -lrt
configure:20434: gcc-4.7 -o conftest -g -O2   conftest.c -lrt   >&5
configure:20434: $? = 0
configure:20443: result: yes
configure:20595: WARNING: Linking with GPL licence libraries
configure:20599: checking bfd.h usability
configure:20599: gcc-4.7 -c -g -O2  conftest.c >&5
conftest.c:61:17: fatal error: bfd.h: No such file or directory
compilation terminated.
configure:20599: $? = 1
configure: failed program was:
| /* confdefs.h */
| #define PACKAGE_NAME "clish"
| #define PACKAGE_TARNAME "clish"
| #define PACKAGE_VERSION "0.7.3"
| #define PACKAGE_STRING "clish 0.7.3"
| #define PACKAGE_BUGREPORT "gmckerrell at users dot sourceforge dot net"
| #define PACKAGE_URL ""
| #define PACKAGE "clish"
| #define VERSION "0.7.3"
| #define STDC_HEADERS 1
| #define HAVE_SYS_TYPES_H 1
| #define HAVE_SYS_STAT_H 1
| #define HAVE_STDLIB_H 1
| #define HAVE_STRING_H 1
| #define HAVE_MEMORY_H 1
| #define HAVE_STRINGS_H 1
| #define HAVE_INTTYPES_H 1
| #define HAVE_STDINT_H 1
| #define HAVE_UNISTD_H 1
| #define HAVE_DLFCN_H 1
| #define SIZEOF_INT 4
| #define SIZEOF_LONG 8
| #define SIZEOF_SIZE_T 8
| #define HAVE_PTHREAD_H 1
| #define HAVE_LIBPTHREAD /**/
| #define HAVE_LIBRT /**/
| /* end confdefs.h.  */
| #include <stdio.h>
| #ifdef HAVE_SYS_TYPES_H
| # include <sys/types.h>
| #endif
| #ifdef HAVE_SYS_STAT_H
| # include <sys/stat.h>
| #endif
| #ifdef STDC_HEADERS
| # include <stdlib.h>
| # include <stddef.h>
| #else
| # ifdef HAVE_STDLIB_H
| #  include <stdlib.h>
| # endif
| #endif
| #ifdef HAVE_STRING_H
| # if !defined STDC_HEADERS && defined HAVE_MEMORY_H
| #  include <memory.h>
| # endif
| # include <string.h>
| #endif
| #ifdef HAVE_STRINGS_H
| # include <strings.h>
| #endif
| #ifdef HAVE_INTTYPES_H
| # include <inttypes.h>
| #endif
| #ifdef HAVE_STDINT_H
| # include <stdint.h>
| #endif
| #ifdef HAVE_UNISTD_H
| # include <unistd.h>
| #endif
| #include <bfd.h>
configure:20599: result: no
configure:20599: checking bfd.h presence
configure:20599: gcc-4.7 -E  conftest.c
conftest.c:28:17: fatal error: bfd.h: No such file or directory
compilation terminated.
configure:20599: $? = 1
configure: failed program was:
| /* confdefs.h */
| #define PACKAGE_NAME "clish"
| #define PACKAGE_TARNAME "clish"
| #define PACKAGE_VERSION "0.7.3"
| #define PACKAGE_STRING "clish 0.7.3"
| #define PACKAGE_BUGREPORT "gmckerrell at users dot sourceforge dot net"
| #define PACKAGE_URL ""
| #define PACKAGE "clish"
| #define VERSION "0.7.3"
| #define STDC_HEADERS 1
| #define HAVE_SYS_TYPES_H 1
| #define HAVE_SYS_STAT_H 1
| #define HAVE_STDLIB_H 1
| #define HAVE_STRING_H 1
| #define HAVE_MEMORY_H 1
| #define HAVE_STRINGS_H 1
| #define HAVE_INTTYPES_H 1
| #define HAVE_STDINT_H 1
| #define HAVE_UNISTD_H 1
| #define HAVE_DLFCN_H 1
| #define SIZEOF_INT 4
| #define SIZEOF_LONG 8
| #define SIZEOF_SIZE_T 8
| #define HAVE_PTHREAD_H 1
| #define HAVE_LIBPTHREAD /**/
| #define HAVE_LIBRT /**/
| /* end confdefs.h.  */
| #include <bfd.h>
configure:20599: result: no
configure:20599: checking for bfd.h
configure:20599: result: no
configure:20843: creating ./config.status

## ---------------- ##
## Cache variables. ##
## ---------------- ##

ac_cv_build=x86_64-unknown-linux-gnu
ac_cv_c_compiler_gnu=yes
ac_cv_cxx_compiler_gnu=yes
ac_cv_env_CCC_set=
ac_cv_env_CCC_value=
ac_cv_env_CC_set=set
ac_cv_env_CC_value=gcc-4.7
ac_cv_env_CFLAGS_set=
ac_cv_env_CFLAGS_value=
ac_cv_env_CPPFLAGS_set=
ac_cv_env_CPPFLAGS_value=
ac_cv_env_CPP_set=
ac_cv_env_CPP_value=
ac_cv_env_CXXCPP_set=
ac_cv_env_CXXCPP_value=
ac_cv_env_CXXFLAGS_set=
ac_cv_env_CXXFLAGS_value=
ac_cv_env_CXX_set=
ac_cv_env_CXX_value=
ac_cv_env_F77_set=
ac_cv_env_F77_value=
ac_cv_env_FFLAGS_set=
ac_cv_env_FFLAGS_value=
ac_cv_env_LDFLAGS_set=
ac_cv_env_LDFLAGS_value=
ac_cv_env_LIBS_set=
ac_cv_env_LIBS_value=
ac_cv_env_build_alias_set=
ac_cv_env_build_alias_value=
ac_cv_env_host_alias_set=
ac_cv_env_host_alias_value=
ac_cv_env_target_alias_set=
ac_cv_env_target_alias_value=
ac_cv_f77_compiler_gnu=no
ac_cv_header_bfd_h=no
ac_cv_header_dlfcn_h=yes
ac_cv_header_inttypes_h=yes
ac_cv_header_memory_h=yes
ac_cv_header_pthread_h=yes
ac_cv_header_stdc=yes
ac_cv_header_stdint_h=yes
ac_cv_header_stdlib_h=yes
ac_cv_header_string_h=yes
ac_cv_header_strings_h=yes
ac_cv_header_sys_stat_h=yes
ac_cv_header_sys_types_h=yes
ac_cv_header_unistd_h=yes
ac_cv_host=x86_64-unknown-linux-gnu
ac_cv_lib_pthread_pthread_create=yes
ac_cv_lib_rt_clock_gettime=yes
ac_cv_objext=o
ac_cv_path_EGREP='/bin/grep -E'
ac_cv_path_GREP=/bin/grep
ac_cv_path_install='/usr/bin/install -c'
ac_cv_prog_AWK=gawk
ac_cv_prog_CPP='gcc-4.7 -E'
ac_cv_prog_CXXCPP='g++ -E'
ac_cv_prog_ac_ct_AR=ar
ac_cv_prog_ac_ct_CC=gcc-4.7
ac_cv_prog_ac_ct_CXX=g++
ac_cv_prog_ac_ct_RANLIB=ranlib
ac_cv_prog_ac_ct_STRIP=strip
ac_cv_prog_cc_c89=
ac_cv_prog_cc_g=yes
ac_cv_prog_cc_gcc_4_7_c_o=yes
ac_cv_prog_cxx_g=yes
ac_cv_prog_f77_g=no
ac_cv_prog_make_make_set=yes
ac_cv_sizeof_int=4
ac_cv_sizeof_long=8
ac_cv_sizeof_size_t=8
am_cv_CC_dependencies_compiler_type=gcc3
am_cv_CXX_dependencies_compiler_type=gcc3
lt_cv_deplibs_check_method=pass_all
lt_cv_file_magic_cmd='$MAGIC_CMD'
lt_cv_file_magic_test_file=
lt_cv_ld_reload_flag=-r
lt_cv_objdir=.libs
lt_cv_path_LD=/usr/bin/ld
lt_cv_path_LDCXX='/usr/bin/ld -m elf_x86_64'
lt_cv_path_NM='/usr/bin/nm -B'
lt_cv_path_SED=/bin/sed
lt_cv_prog_compiler_c_o=yes
lt_cv_prog_compiler_c_o_CXX=yes
lt_cv_prog_compiler_pic_works=yes
lt_cv_prog_compiler_pic_works_CXX=yes
lt_cv_prog_compiler_rtti_exceptions=no
lt_cv_prog_compiler_static_works=yes
lt_cv_prog_compiler_static_works_CXX=yes
lt_cv_prog_gnu_ld=yes
lt_cv_prog_gnu_ldcxx=yes
lt_cv_sys_global_symbol_pipe='sed -n -e '\''s/^.*[ 	]\([ABCDGIRSTW][ABCDGIRSTW]*\)[ 	][ 	]*\([_A-Za-z][_A-Za-z0-9]*\)$/\1 \2 \2/p'\'''
lt_cv_sys_global_symbol_to_c_name_address='sed -n -e '\''s/^: \([^ ]*\) $/  {\"\1\", (lt_ptr) 0},/p'\'' -e '\''s/^[BCDEGRST] \([^ ]*\) \([^ ]*\)$/  {"\2", (lt_ptr) \&\2},/p'\'''
lt_cv_sys_global_symbol_to_cdecl='sed -n -e '\''s/^. .* \(.*\)$/extern int \1;/p'\'''
lt_cv_sys_max_cmd_len=3458764513820540925
lt_lt_cv_prog_compiler_c_o='"yes"'
lt_lt_cv_prog_compiler_c_o_CXX='"yes"'
lt_lt_cv_sys_global_symbol_pipe='"sed -n -e '\''s/^.*[ 	]\\([ABCDGIRSTW][ABCDGIRSTW]*\\)[ 	][ 	]*\\([_A-Za-z][_A-Za-z0-9]*\\)\$/\\1 \\2 \\2/p'\''"'
lt_lt_cv_sys_global_symbol_to_c_name_address='"sed -n -e '\''s/^: \\([^ ]*\\) \$/  {\\\"\\1\\\", (lt_ptr) 0},/p'\'' -e '\''s/^[BCDEGRST] \\([^ ]*\\) \\([^ ]*\\)\$/  {\"\\2\", (lt_ptr) \\&\\2},/p'\''"'
lt_lt_cv_sys_global_symbol_to_cdecl='"sed -n -e '\''s/^. .* \\(.*\\)\$/extern int \\1;/p'\''"'

## ----------------- ##
## Output variables. ##
## ----------------- ##

ACLOCAL='${SHELL} /home/anand/sstack/oss/clish-0.7.3/aux_scripts/missing --run aclocal-1.9'
AMDEPBACKSLASH='\'
AMDEP_FALSE='#'
AMDEP_TRUE=''
AMTAR='${SHELL} /home/anand/sstack/oss/clish-0.7.3/aux_scripts/missing --run tar'
AR='ar'
AS='as'
AUTOCONF='${SHELL} /home/anand/sstack/oss/clish-0.7.3/aux_scripts/missing --run autoconf'
AUTOHEADER='${SHELL} /home/anand/sstack/oss/clish-0.7.3/aux_scripts/missing --run autoheader'
AUTOMAKE='${SHELL} /home/anand/sstack/oss/clish-0.7.3/aux_scripts/missing --run automake-1.9'
AWK='gawk'
BFD_LIBS=''
CC='gcc-4.7'
CCDEPMODE='depmode=gcc3'
CFLAGS='-g -O2'
CPP='gcc-4.7 -E'
CPPFLAGS=''
CXX='g++'
CXXCPP='g++ -E'
CXXDEPMODE='depmode=gcc3'
CXXFLAGS='-g -O2'
CYGPATH_W='echo'
DEBUG_FALSE=''
DEBUG_TRUE='#'
DEFS='-DHAVE_CONFIG_H'
DEPDIR='.deps'
DLLTOOL='dlltool'
DSYMUTIL=''
ECHO='echo'
ECHO_C=''
ECHO_N='-n'
ECHO_T=''
EGREP='/bin/grep -E'
EXEEXT=''
F77=''
FFLAGS=''
GREP='/bin/grep'
INSTALL_DATA='${INSTALL} -m 644'
INSTALL_PROGRAM='${INSTALL}'
INSTALL_SCRIPT='${INSTALL}'
INSTALL_STRIP_PROGRAM='${SHELL} $(install_sh) -c -s'
LDFLAGS=''
LIBOBJS=''
LIBS=''
LIBTOOL='$(SHELL) $(top_builddir)/libtool'
LN_S='ln -s'
LTLIBOBJS=''
LUBHEAP_CFLAGS=''
LUBHEAP_FALSE=''
LUBHEAP_LIBS=''
LUBHEAP_TRUE='#'
LUB_CFLAGS=''
LUB_LIBS='-llub'
MAKEINFO='${SHELL} /home/anand/sstack/oss/clish-0.7.3/aux_scripts/missing --run makeinfo'
NMEDIT=''
OBJDUMP='objdump'
OBJEXT='o'
PACKAGE='clish'
PACKAGE_BUGREPORT='gmckerrell at users dot sourceforge dot net'
PACKAGE_NAME='clish'
PACKAGE_STRING='clish 0.7.3'
PACKAGE_TARNAME='clish'
PACKAGE_URL=''
PACKAGE_VERSION='0.7.3'
PATH_SEPARATOR=':'
PTHREAD_CFLAGS=''
PTHREAD_LIBS='-lpthread'
RANLIB='ranlib'
RT_CFLAGS=''
RT_LIBS='-lrt'
SED='/bin/sed'
SET_MAKE=''
SHELL='/bin/bash'
STRIP='strip'
TCL_CFLAGS=''
TCL_LIBS=''
TCL_VERSION=''
TINYRL_CFLAGS=''
TINYRL_LIBS='-ltinyrl'
TINYXML_CXXFLAGS='-std=gnu++98'
TINYXML_LIBS='-ltinyxml'
VERSION='0.7.3'
ac_ct_CC='gcc-4.7'
ac_ct_CXX='g++'
ac_ct_F77=''
am__fastdepCC_FALSE='#'
am__fastdepCC_TRUE=''
am__fastdepCXX_FALSE='#'
am__fastdepCXX_TRUE=''
am__include='include'
am__leading_dot='.'
am__quote=''
am__tar='${AMTAR} chof - "$$tardir"'
am__untar='${AMTAR} xf -'
bindir='${exec_prefix}/bin'
build='x86_64-unknown-linux-gnu'
build_alias=''
build_cpu='x86_64'
build_os='linux-gnu'
build_vendor='unknown'
datadir='${datarootdir}'
datarootdir='${prefix}/share'
docdir='${datarootdir}/doc/${PACKAGE_TARNAME}'
dvidir='${docdir}'
exec_prefix='/usr/local'
host='x86_64-unknown-linux-gnu'
host_alias=''
host_cpu='x86_64'
host_os='linux-gnu'
host_vendor='unknown'
htmldir='${docdir}'
includedir='${prefix}/include'
infodir='${datarootdir}/info'
install_sh='/home/anand/sstack/oss/clish-0.7.3/aux_scripts/install-sh'
libdir='/usr/local/lib'
libexecdir='${exec_prefix}/libexec'
localedir='${datarootdir}/locale'
localstatedir='${prefix}/var'
mandir='${datarootdir}/man'
mkdir_p='mkdir -p --'
oldincludedir='/usr/include'
pdfdir='${docdir}'
prefix='/usr/local'
program_transform_name='s,x,x,'
psdir='${docdir}'
sbindir='${exec_prefix}/sbin'
sharedstatedir='${prefix}/com'
sysconfdir='${prefix}/etc'
target_alias=''

## ----------- ##
## confdefs.h. ##
## ----------- ##

/* confdefs.h */
#define PACKAGE_NAME "clish"
#define PACKAGE_TARNAME "clish"
#define PACKAGE_VERSION "0.7.3"
#define PACKAGE_STRING "clish 0.7.3"
#define PACKAGE_BUGREPORT "gmckerrell at users dot sourceforge dot net"
#define PACKAGE_URL ""
#define PACKAGE "clish"
#define VERSION "0.7.3"
#define STDC_HEADERS 1
#define HAVE_SYS_TYPES_H 1
#define HAVE_SYS_STAT_H 1
#define HAVE_STDLIB_H 1
#define HAVE_STRING_H 1
#define HAVE_MEMORY_H 1
#define HAVE_STRINGS_H 1
#define HAVE_INTTYPES_H 1
#define HAVE_STDINT_H 1
#define HAVE_UNISTD_H 1
#define HAVE_DLFCN_H 1
#define SIZEOF_INT 4
#define SIZEOF_LONG 8
#define SIZEOF_SIZE_T 8
#define HAVE_PTHREAD_H 1
#define HAVE_LIBPTHREAD /**/
#define HAVE_LIBRT /**/

configure: exit 0

## ---------------------- ##
## Running config.status. ##
## ---------------------- ##

This file was extended by clish config.status 0.7.3, which was
generated by GNU Autoconf 2.69.  Invocation command line was

  CONFIG_FILES    = 
  CONFIG_HEADERS  = 
  CONFIG_LINKS    = 
  CONFIG_COMMANDS = 
  $ ./config.status 

on Maximus

config.status:898: creating Makefile
config.status:898: creating config.h
config.status:1120: executing depfiles commands

## ---------------------- ##
## Running config.status. ##
## ---------------------- ##

This file was extended by clish config.status 0.7.3, which was
generated by GNU Autoconf 2.69.  Invocation command line was

  CONFIG_FILES    = 
  CONFIG_HEADERS  = 
  CONFIG_LINKS    = 
  CONFIG_COMMANDS = 
  $ ./config.status config.h

on Maximus

config.status:898: creating config.h
